<?xml version="1.0" encoding="UTF-8"?>
<testsuite xmlns:xsi="http://www.w3.org/2001/XMLSchema-instance" xsi:noNamespaceSchemaLocation="https://maven.apache.org/surefire/maven-surefire-plugin/xsd/surefire-test-report-3.0.xsd" version="3.0" name="EvoSuiteTest" time="0.028" tests="15" errors="0" skipped="0" failures="0">
  <properties>
[...]
</properties>
  <testcase name="testSingleElement" classname="EvoSuiteTest" time="0.002"/>
  <testcase name="testPushMany" classname="EvoSuiteTest" time="0.0"/>
  <testcase name="testIsFullAndIsEmpty" classname="EvoSuiteTest" time="0.0"/>
  <testcase name="testPop" classname="EvoSuiteTest" time="0.0"/>
  <testcase name="testPeek" classname="EvoSuiteTest" time="0.0"/>
  <testcase name="testPush" classname="EvoSuiteTest" time="0.0"/>
  <testcase name="testPeekWhenEmpty" classname="EvoSuiteTest" time="0.0"/>
  <testcase name="testPushUntilFull" classname="EvoSuiteTest" time="0.0"/>
  <testcase name="testLargeCapacity" classname="EvoSuiteTest" time="0.0"/>
  <testcase name="testPushWhenFull" classname="EvoSuiteTest" time="0.0"/>
  <testcase name="testPopWhenEmpty" classname="EvoSuiteTest" time="0.0"/>
  <testcase name="testMultiplePeeks" classname="EvoSuiteTest" time="0.0"/>
  <testcase name="testPopMakesNotFull" classname="EvoSuiteTest" time="0.0"/>
  <testcase name="testConstructor" classname="EvoSuiteTest" time="0.0"/>
  <testcase name="testMultipleOperations" classname="EvoSuiteTest" time="0.0"/>
</testsuite>